MultiCore Benchmark Examples.
XOR Sequential (S)
XOR MultiCore (MC, cores=NA( 16 ))
XOR MultiCore (MC, cores=2)
XOR MultiCore (MC, cores=4)
XOR MultiCore (MC, cores=8)
XOR MultiCore (MC, cores=16)
XOR MultiCore (MC, cores=24)
XOR MultiCore (MC, cores=32)
===================================================================== 
            (S) : 3 : OR(D1,D2) 3.027778 
 (MC, cores=NA) : 3 : OR(D1,D2) 3.027778 
  (MC, cores=2) : 3 : OR(D1,D2) 3.027778 
  (MC, cores=4) : 3 : OR(D1,D2) 3.027778 
  (MC, cores=8) : 3 : OR(D1,D2) 3.027778 
 (MC, cores=16) : 3 : OR(D1,D2) 3.027778 
 (MC, cores=24) : 3 : OR(D1,D2) 3.027778 
 (MC, cores=32) : 3 : OR(D1,D2) 3.027778 
====================================================================== 
XOR popsize: 64 generations: 10 crossrate: 0.3 mutrate: 0.1 
====================================================================== 
          tMain (s) tMain/(S) tNext (s) tNext/(S) tEval (s) tEval/(S)
(S)       0.8443632 1.0000000 0.1196578  1.000000 0.7003131 1.0000000
(MC, NA)  0.4531765 0.5367080 0.1544027  1.290370 0.2666075 0.3806976
(MC, 2)   0.3445179 0.4080210 0.1497211  1.251245 0.1665289 0.2377921
(MC, 4)   0.3160896 0.3743527 0.1465402  1.224661 0.1413565 0.2018475
(MC, 8)   0.3420351 0.4050805 0.1509845  1.261803 0.1626241 0.2322163
(MC, 16)  0.4553738 0.5393103 0.1597204  1.334810 0.2628450 0.3753250
(MC, 24)  0.5758026 0.6819371 0.1482427  1.238889 0.3957589 0.5651170
(MC, 32)  0.6858861 0.8123117 0.1622422  1.355885 0.4866467 0.6948987
====================================================================== 

XOR Sequential (S)
XOR MultiCore (MC, cores=NA( 16 ))
XOR MultiCore (MC, cores=2)
XOR MultiCore (MC, cores=4)
XOR MultiCore (MC, cores=8)
XOR MultiCore (MC, cores=16)
XOR MultiCore (MC, cores=24)
XOR MultiCore (MC, cores=32)
===================================================================== 
            (S) : 4 : AND(OR(D2,D1),NOT(AND(NOT(NOT(AND(D1,D1))),D2))) 4.001111 
 (MC, cores=NA) : 4 : AND(OR(D2,D1),NOT(AND(NOT(NOT(AND(D1,D1))),D2))) 4.001111 
  (MC, cores=2) : 4 : AND(OR(D2,D1),NOT(AND(NOT(NOT(AND(D1,D1))),D2))) 4.001111 
  (MC, cores=4) : 4 : AND(OR(D2,D1),NOT(AND(NOT(NOT(AND(D1,D1))),D2))) 4.001111 
  (MC, cores=8) : 4 : AND(OR(D2,D1),NOT(AND(NOT(NOT(AND(D1,D1))),D2))) 4.001111 
 (MC, cores=16) : 4 : AND(OR(D2,D1),NOT(AND(NOT(NOT(AND(D1,D1))),D2))) 4.001111 
 (MC, cores=24) : 4 : AND(OR(D2,D1),NOT(AND(NOT(NOT(AND(D1,D1))),D2))) 4.001111 
 (MC, cores=32) : 4 : AND(OR(D2,D1),NOT(AND(NOT(NOT(AND(D1,D1))),D2))) 4.001111 
====================================================================== 
XOR popsize: 640 generations: 10 crossrate: 0.3 mutrate: 0.1 
====================================================================== 
          tMain (s) tMain/(S) tNext (s) tNext/(S)  tEval (s)  tEval/(S)
(S)       12.722651 1.0000000  1.999137 1.0000000 10.5441802 1.00000000
(MC, NA)   3.211383 0.2524146  2.052894 1.0268900  0.9594858 0.09099672
(MC, 2)    3.397950 0.2670787  1.981124 0.9909896  1.2306802 0.11671654
(MC, 4)    3.079733 0.2420670  1.999663 1.0002630  0.8939040 0.08477700
(MC, 8)    2.986309 0.2347238  1.977050 0.9889517  0.8228912 0.07804222
(MC, 16)   3.129701 0.2459944  1.945754 0.9732967  0.9919937 0.09407973
(MC, 24)   3.303869 0.2596840  2.023104 1.0119883  1.0883508 0.10321815
(MC, 32)   3.662702 0.2878883  2.065542 1.0332165  1.4018881 0.13295373
====================================================================== 

XOR Sequential (S)
XOR MultiCore (MC, cores=NA( 16 ))
XOR MultiCore (MC, cores=2)
XOR MultiCore (MC, cores=4)
XOR MultiCore (MC, cores=8)
XOR MultiCore (MC, cores=16)
XOR MultiCore (MC, cores=24)
XOR MultiCore (MC, cores=32)
===================================================================== 
            (S) : 4 : NOT(NOT(AND(OR(D2,D1),NOT(AND(D1,D2))))) 4.0016 
 (MC, cores=NA) : 4 : NOT(NOT(AND(OR(D2,D1),NOT(AND(D1,D2))))) 4.0016 
  (MC, cores=2) : 4 : NOT(NOT(AND(OR(D2,D1),NOT(AND(D1,D2))))) 4.0016 
  (MC, cores=4) : 4 : NOT(NOT(AND(OR(D2,D1),NOT(AND(D1,D2))))) 4.0016 
  (MC, cores=8) : 4 : NOT(NOT(AND(OR(D2,D1),NOT(AND(D1,D2))))) 4.0016 
 (MC, cores=16) : 4 : NOT(NOT(AND(OR(D2,D1),NOT(AND(D1,D2))))) 4.0016 
 (MC, cores=24) : 4 : NOT(NOT(AND(OR(D2,D1),NOT(AND(D1,D2))))) 4.0016 
 (MC, cores=32) : 4 : NOT(NOT(AND(OR(D2,D1),NOT(AND(D1,D2))))) 4.0016 
====================================================================== 
XOR popsize: 6400 generations: 10 crossrate: 0.3 mutrate: 0.1 
====================================================================== 
          tMain (s) tMain/(S) tNext (s) tNext/(S)  tEval (s)  tEval/(S)
(S)       157.64813 1.0000000  18.54665 1.0000000 136.817600 1.00000000
(MC, NA)   25.50985 0.1618151  18.57338 1.0014411   4.736860 0.03462171
(MC, 2)    29.24573 0.1855127  17.99212 0.9701009   9.108951 0.06657733
(MC, 4)    25.37685 0.1609715  17.88402 0.9642723   5.439004 0.03975369
(MC, 8)    24.59357 0.1560029  18.03134 0.9722156   4.437147 0.03243112
(MC, 16)   24.78617 0.1572246  18.05655 0.9735749   4.665195 0.03409791
(MC, 24)   25.60398 0.1624122  18.34764 0.9892696   5.089789 0.03720127
(MC, 32)   25.44442 0.1614000  17.88485 0.9643170   5.493889 0.04015484
====================================================================== 

