MultiCore Benchmark Examples.
XOR Sequential (S)
XOR MultiCore (MC, cores=NA( 16 ))
XOR MultiCore (MC, cores=2)
XOR MultiCore (MC, cores=4)
XOR MultiCore (MC, cores=8)
XOR MultiCore (MC, cores=16)
XOR MultiCore (MC, cores=24)
XOR MultiCore (MC, cores=32)
===================================================================== 
            (S) : 3 : OR(D1,D2) 3.027778 
 (MC, cores=NA) : 3 : OR(D1,D2) 3.027778 
  (MC, cores=2) : 3 : OR(D1,D2) 3.027778 
  (MC, cores=4) : 3 : OR(D1,D2) 3.027778 
  (MC, cores=8) : 3 : OR(D1,D2) 3.027778 
 (MC, cores=16) : 3 : OR(D1,D2) 3.027778 
 (MC, cores=24) : 3 : OR(D1,D2) 3.027778 
 (MC, cores=32) : 3 : OR(D1,D2) 3.027778 
====================================================================== 
XOR popsize: 64 generations: 10 crossrate: 0.3 mutrate: 0.1 
====================================================================== 
          tMain (s) tMain/(S) tNext (s) tNext/(S) tEval (s) tEval/(S)
(S)       0.8323171 1.0000000 0.1168270  1.000000 0.6911962 1.0000000
(MC, NA)  0.4615116 0.5544901 0.1545045  1.322507 0.2738581 0.3962089
(MC, 2)   0.3515525 0.4223781 0.1495309  1.279934 0.1735904 0.2511449
(MC, 4)   0.3173332 0.3812648 0.1466026  1.254869 0.1427155 0.2064760
(MC, 8)   0.3485224 0.4187375 0.1532037  1.311372 0.1664977 0.2408834
(MC, 16)  0.4711361 0.5660536 0.1615760  1.383037 0.2761521 0.3995279
(MC, 24)  0.5870562 0.7053275 0.1537216  1.315805 0.4006169 0.5795994
(MC, 32)  0.7043798 0.8462878 0.1696532  1.452174 0.4956915 0.7171503
====================================================================== 

XOR Sequential (S)
XOR MultiCore (MC, cores=NA( 16 ))
XOR MultiCore (MC, cores=2)
XOR MultiCore (MC, cores=4)
XOR MultiCore (MC, cores=8)
XOR MultiCore (MC, cores=16)
XOR MultiCore (MC, cores=24)
XOR MultiCore (MC, cores=32)
===================================================================== 
            (S) : 4 : AND(OR(D2,D1),NOT(AND(NOT(NOT(AND(D1,D1))),D2))) 4.001111 
 (MC, cores=NA) : 4 : AND(OR(D2,D1),NOT(AND(NOT(NOT(AND(D1,D1))),D2))) 4.001111 
  (MC, cores=2) : 4 : AND(OR(D2,D1),NOT(AND(NOT(NOT(AND(D1,D1))),D2))) 4.001111 
  (MC, cores=4) : 4 : AND(OR(D2,D1),NOT(AND(NOT(NOT(AND(D1,D1))),D2))) 4.001111 
  (MC, cores=8) : 4 : AND(OR(D2,D1),NOT(AND(NOT(NOT(AND(D1,D1))),D2))) 4.001111 
 (MC, cores=16) : 4 : AND(OR(D2,D1),NOT(AND(NOT(NOT(AND(D1,D1))),D2))) 4.001111 
 (MC, cores=24) : 4 : AND(OR(D2,D1),NOT(AND(NOT(NOT(AND(D1,D1))),D2))) 4.001111 
 (MC, cores=32) : 4 : AND(OR(D2,D1),NOT(AND(NOT(NOT(AND(D1,D1))),D2))) 4.001111 
====================================================================== 
XOR popsize: 640 generations: 10 crossrate: 0.3 mutrate: 0.1 
====================================================================== 
          tMain (s) tMain/(S) tNext (s) tNext/(S)  tEval (s)  tEval/(S)
(S)       12.944171 1.0000000  1.998640 1.0000000 10.7587974 1.00000000
(MC, NA)   3.377763 0.2609486  2.105421 1.0534268  1.0822966 0.10059643
(MC, 2)    3.570296 0.2758227  2.085739 1.0435793  1.2749000 0.11849837
(MC, 4)    3.180104 0.2456785  2.009257 1.0053120  0.9720271 0.09034719
(MC, 8)    3.178142 0.2455269  1.998044 0.9997021  0.9881411 0.09184494
(MC, 16)   3.191961 0.2465945  1.990758 0.9960563  1.0119755 0.09406028
(MC, 24)   3.350473 0.2588403  1.964410 0.9828736  1.1939752 0.11097664
(MC, 32)   3.371106 0.2604343  2.013235 1.0073027  1.1600726 0.10782549
====================================================================== 

XOR Sequential (S)
XOR MultiCore (MC, cores=NA( 16 ))
XOR MultiCore (MC, cores=2)
XOR MultiCore (MC, cores=4)
XOR MultiCore (MC, cores=8)
XOR MultiCore (MC, cores=16)
XOR MultiCore (MC, cores=24)
XOR MultiCore (MC, cores=32)
===================================================================== 
            (S) : 4 : NOT(NOT(AND(OR(D2,D1),NOT(AND(D1,D2))))) 4.0016 
 (MC, cores=NA) : 4 : NOT(NOT(AND(OR(D2,D1),NOT(AND(D1,D2))))) 4.0016 
  (MC, cores=2) : 4 : NOT(NOT(AND(OR(D2,D1),NOT(AND(D1,D2))))) 4.0016 
  (MC, cores=4) : 4 : NOT(NOT(AND(OR(D2,D1),NOT(AND(D1,D2))))) 4.0016 
  (MC, cores=8) : 4 : NOT(NOT(AND(OR(D2,D1),NOT(AND(D1,D2))))) 4.0016 
 (MC, cores=16) : 4 : NOT(NOT(AND(OR(D2,D1),NOT(AND(D1,D2))))) 4.0016 
 (MC, cores=24) : 4 : NOT(NOT(AND(OR(D2,D1),NOT(AND(D1,D2))))) 4.0016 
 (MC, cores=32) : 4 : NOT(NOT(AND(OR(D2,D1),NOT(AND(D1,D2))))) 4.0016 
====================================================================== 
XOR popsize: 6400 generations: 10 crossrate: 0.3 mutrate: 0.1 
====================================================================== 
          tMain (s) tMain/(S) tNext (s) tNext/(S)  tEval (s)  tEval/(S)
(S)       168.09486 1.0000000  19.60065 1.0000000 146.250753 1.00000000
(MC, NA)   26.31983 0.1565772  18.88154 0.9633120   5.273278 0.03605642
(MC, 2)    34.94452 0.2078857  21.21569 1.0823971  11.294247 0.07722522
(MC, 4)    28.98160 0.1724122  20.15201 1.0281296   6.467130 0.04421947
(MC, 8)    26.98029 0.1605064  19.65423 1.0027334   5.067544 0.03464970
(MC, 16)   26.70704 0.1588808  19.14716 0.9768631   5.435521 0.03716577
(MC, 24)   26.04862 0.1549638  18.22503 0.9298174   5.660152 0.03870169
(MC, 32)   28.60876 0.1701941  18.45656 0.9416300   7.996097 0.05467389
====================================================================== 

