Cluster Benchmark Examples (LAN).
XOR Sequential (S, pop=6400)
...........
XOR Cluster (pop=64)
...........
XOR Cluster (pop=640)
...........
XOR Cluster (pop=6400)
...........
XOR Cluster (pop=12800)
...........
XOR Cluster (mutrate=1.0, 6400)
...........
               (S) : 4 : AND(NOT(AND(D1,D2)),OR(D1,D2)) 4.00277 
(C m,     p=64   ) : 4 : OR(AND(D2,NOT(D1)),AND(D1,NOT(D2))) 4.002066 
(C m,     p=640  ) : 4 : AND(OR(OR(D1,D2),D1),OR(NOT(AND(D1,D2)),NOT(D2))) 4.000977 
(C m,     p=6400 ) : 4 : AND(OR(D1,D2),NOT(AND(D2,D1))) 4.00277 
(C m=0.2, p=12800) : 4 : AND(NOT(AND(D2,D1)),OR(D2,D1)) 4.00277 
(C m=1.0, p=6400 ) : 4 : OR(AND(NOT(D1),D2),AND(D1,NOT(D2))) 4.002066 
====================================================================== 
XOR workers: em-pop.iism.kit.edu em-pop.iism.kit.edu em-pop.iism.kit.edu em-pop.iism.kit.edu 
XOR popsize: 640 generations: 10 crossrate: 0.3 mutrate: 0.3 
====================================================================== 
             tMain (s)  tMain/(S)  tNext (s)  tNext/(S) tEval (s)  tEval/(S)
(S)          181.09043 1.00000000 29.4961069 1.00000000 149.38210 1.00000000
(C       64)  10.93756 0.06039834  0.4416857 0.01497437  10.46652 0.07006545
(C      640)  24.80804 0.13699252  2.9611726 0.10039198  21.63977 0.14486184
(C     6400) 155.58707 0.85916780 29.8340995 1.01145889 123.46468 0.82650248
(C.2m 12800) 218.55347 1.20687474 39.1479480 1.32722424 174.73322 1.16970651
(C1.m  6400) 172.69444 0.95363648 35.2184327 1.19400275 135.28722 0.90564546
====================================================================== 

