FutureApply Benchmark Examples (Notebook).
XOR Sequential (S)
...
XOR FutureSequential (FS)
...
XOR FutureMultiCore (FMC)
...
XOR FutureMultiSession (FMS)
...
XOR FutureCallr (FCallr)
...
XOR FutureCluster (FCluster)
...
        (S) : 3 : OR(D1,D2) 3.027778 
       (FS) : 3 : AND(NOT(D1),D2) 3.012346 
      (FMC) : 3 : AND(NOT(D1),D2) 3.012346 
      (FMS) : 3 : AND(NOT(D1),D2) 3.012346 
   (FCallr) : 3 : AND(NOT(D1),D2) 3.012346 
(FCcluster) : 3 : AND(NOT(D1),D2) 3.012346 
====================================================================== 
XOR workers: 4 popsize: 64 generations: 2 crossrate: 0.3 mutrate: 0.1 
====================================================================== 
           tMain (s) tMain/(S)  tNext (s) tNext/(S) tEval (s) tEval/(S)
(S)        0.4141157 1.0000000 0.04404664 1.0000000 0.3488636 1.0000000
(FS)       0.2939525 0.7098318 0.03053236 0.6931825 0.2429399 0.6963752
(FMC)      0.3534532 0.8535131 0.03479576 0.7899754 0.2977259 0.8534164
(FMS)      2.2485726 5.4298177 0.02479506 0.5629273 2.2035513 6.3163692
(FCallr)   1.7508845 4.2280084 0.03195786 0.7255460 1.6990900 4.8703562
(FCluster) 2.3153784 5.5911394 0.02627993 0.5966386 2.2672777 6.4990378
====================================================================== 

[1] TRUE TRUE TRUE TRUE
XOR Sequential (S)
...
XOR FutureSequential (FS)
...
XOR FutureMultiCore (FMC)
...
XOR FutureMultiSession (FMS)
...
XOR FutureCallr (FCallr)
...
XOR FutureCluster (FCluster)
...
        (S) : 4 : NOT(NOT(AND(OR(D2,D1),NOT(AND(NOT(NOT(AND(D1,D1))),AND(D1,OR(D2,AND(D2,D2)))))))) 4.000384 
       (FS) : 4 : NOT(NOT(AND(OR(D2,D1),NOT(AND(D2,AND(D1,OR(D2,AND(D2,D2)))))))) 4.000625 
      (FMC) : 4 : NOT(NOT(AND(OR(D2,D1),NOT(AND(D2,AND(D1,OR(D2,AND(D2,D2)))))))) 4.000625 
      (FMS) : 4 : NOT(NOT(AND(OR(D2,D1),NOT(AND(D2,AND(D1,OR(D2,AND(D2,D2)))))))) 4.000625 
   (FCallr) : 4 : NOT(NOT(AND(OR(D2,D1),NOT(AND(D2,AND(D1,OR(D2,AND(D2,D2)))))))) 4.000625 
(FCcluster) : 4 : NOT(NOT(AND(OR(D2,D1),NOT(AND(D2,AND(D1,OR(D2,AND(D2,D2)))))))) 4.000625 
====================================================================== 
XOR workers: 4 popsize: 640 generations: 2 crossrate: 0.3 mutrate: 0.1 
====================================================================== 
           tMain (s) tMain/(S) tNext (s) tNext/(S) tEval (s) tEval/(S)
(S)         4.042816 1.0000000 0.4054861  1.000000  3.455003 1.0000000
(FS)        4.541669 1.1233925 0.4299510  1.060335  3.931458 1.1379032
(FMC)       2.531961 0.6262865 0.4966161  1.224743  1.851504 0.5358908
(FMS)       5.501567 1.3608256 0.4097676  1.010559  4.912822 1.4219446
(FCallr)    5.196446 1.2853531 0.4385493  1.081540  4.580513 1.3257626
(FCluster)  5.768884 1.4269470 0.4980133  1.228188  5.081620 1.4708006
====================================================================== 

[1] TRUE TRUE TRUE TRUE
XOR Sequential (S)
...
XOR FutureSequential (FS)
...
XOR FutureMultiCore (FMC)
...
XOR FutureMultiSession (FMS)
...
XOR FutureCallr (FCallr)
...
XOR FutureCluster (FCluster)
...
        (S) : 4 : OR(AND(NOT(D2),NOT(NOT(NOT(NOT(D1))))),AND(D2,NOT(NOT(NOT(D1))))) 4.000625 
       (FS) : 4 : OR(AND(NOT(D2),NOT(NOT(NOT(NOT(D1))))),AND(D2,NOT(NOT(NOT(D1))))) 4.000625 
      (FMC) : 4 : OR(AND(NOT(D2),NOT(NOT(NOT(NOT(D1))))),AND(D2,NOT(NOT(NOT(D1))))) 4.000625 
      (FMS) : 4 : OR(AND(NOT(D2),NOT(NOT(NOT(NOT(D1))))),AND(D2,NOT(NOT(NOT(D1))))) 4.000625 
   (FCallr) : 4 : OR(AND(NOT(D2),NOT(NOT(NOT(NOT(D1))))),AND(D2,NOT(NOT(NOT(D1))))) 4.000625 
(FCcluster) : 4 : OR(AND(NOT(D2),NOT(NOT(NOT(NOT(D1))))),AND(D2,NOT(NOT(NOT(D1))))) 4.000625 
====================================================================== 
XOR workers: 4 popsize: 6400 generations: 2 crossrate: 0.3 mutrate: 0.1 
====================================================================== 
           tMain (s) tMain/(S) tNext (s) tNext/(S) tEval (s) tEval/(S)
(S)         45.19627 1.0000000  4.730383 1.0000000  38.37481 1.0000000
(FS)        58.36194 1.2913000  4.574501 0.9670466  51.71638 1.3476647
(FMC)       22.92213 0.5071687  4.973729 1.0514430  15.89273 0.4141450
(FMS)       36.91001 0.8166607  4.453990 0.9415706  30.44207 0.7932827
(FCallr)    38.20601 0.8453356  4.820620 1.0190760  31.29766 0.8155781
(FCluster)  37.00747 0.8188169  4.500529 0.9514090  30.42959 0.7929574
====================================================================== 

[1] TRUE TRUE TRUE TRUE
XOR Sequential (S)
...
XOR FutureSequential (FS)
...
XOR FutureMultiCore (FMC)
...
XOR FutureMultiSession (FMS)
...
XOR FutureCallr (FCallr)
...
XOR FutureCluster (FCluster)
...
        (S) : 3 : OR(D1,D2) 3.027778 
       (FS) : 3 : AND(NOT(D1),D2) 3.012346 
      (FMC) : 3 : AND(NOT(D1),D2) 3.012346 
      (FMS) : 3 : AND(NOT(D1),D2) 3.012346 
   (FCallr) : 3 : AND(NOT(D1),D2) 3.012346 
(FCcluster) : 3 : AND(NOT(D1),D2) 3.012346 
====================================================================== 
XOR workers: 8 popsize: 64 generations: 2 crossrate: 0.3 mutrate: 0.1 
====================================================================== 
           tMain (s) tMain/(S)  tNext (s) tNext/(S) tEval (s)  tEval/(S)
(S)        0.3089852  1.000000 0.04111195 1.0000000 0.2481477  1.0000000
(FS)       0.2683496  0.868487 0.02471805 0.6012376 0.2239258  0.9023892
(FMC)      0.5061989  1.638262 0.03409886 0.8294150 0.4506836  1.8161907
(FMS)      4.2505188 13.756382 0.02711868 0.6596302 4.2025020 16.9354847
(FCallr)   2.5229034  8.165126 0.03147697 0.7656406 2.4712603  9.9588271
(FCluster) 4.9687207 16.080771 0.02415419 0.5875223 4.9245269 19.8451423
====================================================================== 

[1] TRUE TRUE TRUE TRUE TRUE TRUE TRUE TRUE
XOR Sequential (S)
...
XOR FutureSequential (FS)
...
XOR FutureMultiCore (FMC)
...
XOR FutureMultiSession (FMS)
...
XOR FutureCallr (FCallr)
...
XOR FutureCluster (FCluster)
...
        (S) : 4 : NOT(NOT(AND(OR(D2,D1),NOT(AND(NOT(NOT(AND(D1,D1))),AND(D1,OR(D2,AND(D2,D2)))))))) 4.000384 
       (FS) : 4 : NOT(NOT(AND(OR(D2,D1),NOT(AND(D2,AND(D1,OR(D2,AND(D2,D2)))))))) 4.000625 
      (FMC) : 4 : NOT(NOT(AND(OR(D2,D1),NOT(AND(D2,AND(D1,OR(D2,AND(D2,D2)))))))) 4.000625 
      (FMS) : 4 : NOT(NOT(AND(OR(D2,D1),NOT(AND(D2,AND(D1,OR(D2,AND(D2,D2)))))))) 4.000625 
   (FCallr) : 4 : NOT(NOT(AND(OR(D2,D1),NOT(AND(D2,AND(D1,OR(D2,AND(D2,D2)))))))) 4.000625 
(FCcluster) : 4 : NOT(NOT(AND(OR(D2,D1),NOT(AND(D2,AND(D1,OR(D2,AND(D2,D2)))))))) 4.000625 
====================================================================== 
XOR workers: 8 popsize: 640 generations: 2 crossrate: 0.3 mutrate: 0.1 
====================================================================== 
           tMain (s) tMain/(S) tNext (s) tNext/(S) tEval (s) tEval/(S)
(S)         3.664593 1.0000000 0.3953824  1.000000  3.089053 1.0000000
(FS)        4.382323 1.1958553 0.4164469  1.053276  3.787370 1.2260617
(FMC)       3.178334 0.8673089 0.4849401  1.226509  2.507958 0.8118855
(FMS)       7.726509 2.1084222 0.4290125  1.085057  7.119876 2.3048730
(FCallr)    5.980264 1.6319041 0.4732580  1.196963  5.325731 1.7240656
(FCluster)  8.664667 2.3644282 0.4301710  1.087987  8.050857 2.6062539
====================================================================== 

[1] TRUE TRUE TRUE TRUE TRUE TRUE TRUE TRUE
XOR Sequential (S)
...
XOR FutureSequential (FS)
...
XOR FutureMultiCore (FMC)
...
XOR FutureMultiSession (FMS)
...
XOR FutureCallr (FCallr)
...
XOR FutureCluster (FCluster)
...
        (S) : 4 : OR(AND(NOT(D2),NOT(NOT(NOT(NOT(D1))))),AND(D2,NOT(NOT(NOT(D1))))) 4.000625 
       (FS) : 4 : OR(AND(NOT(D2),NOT(NOT(NOT(NOT(D1))))),AND(D2,NOT(NOT(NOT(D1))))) 4.000625 
      (FMC) : 4 : OR(AND(NOT(D2),NOT(NOT(NOT(NOT(D1))))),AND(D2,NOT(NOT(NOT(D1))))) 4.000625 
      (FMS) : 4 : OR(AND(NOT(D2),NOT(NOT(NOT(NOT(D1))))),AND(D2,NOT(NOT(NOT(D1))))) 4.000625 
   (FCallr) : 4 : OR(AND(NOT(D2),NOT(NOT(NOT(NOT(D1))))),AND(D2,NOT(NOT(NOT(D1))))) 4.000625 
(FCcluster) : 4 : OR(AND(NOT(D2),NOT(NOT(NOT(NOT(D1))))),AND(D2,NOT(NOT(NOT(D1))))) 4.000625 
====================================================================== 
XOR workers: 8 popsize: 6400 generations: 2 crossrate: 0.3 mutrate: 0.1 
====================================================================== 
           tMain (s) tMain/(S) tNext (s) tNext/(S) tEval (s) tEval/(S)
(S)         45.58657 1.0000000  5.312525 1.0000000  38.17940 1.0000000
(FS)        60.15067 1.3194824  4.454104 0.8384157  53.57338 1.4032011
(FMC)       24.86100 0.5453581  5.080306 0.9562884  17.64099 0.4620550
(FMS)       37.13381 0.8145780  5.078951 0.9560333  29.84999 0.7818349
(FCallr)    36.35515 0.7974970  4.822035 0.9076730  29.46605 0.7717787
(FCluster)  37.32642 0.8188031  4.620183 0.8696775  30.61273 0.8018128
====================================================================== 

[1] TRUE TRUE TRUE TRUE TRUE TRUE TRUE TRUE
XOR Sequential (S)
...
XOR FutureSequential (FS)
...
XOR FutureMultiCore (FMC)
...
XOR FutureMultiSession (FMS)
...
XOR FutureCallr (FCallr)
...
XOR FutureCluster (FCluster)
...
        (S) : 4 : AND(OR(D2,D1),NOT(AND(D1,D2))) 4.00277 
       (FS) : 4 : AND(OR(D2,D1),NOT(AND(D2,AND(D1,D2)))) 4.001736 
      (FMC) : 4 : AND(OR(D2,D1),NOT(AND(D2,AND(D1,D2)))) 4.001736 
      (FMS) : 4 : AND(OR(D2,D1),NOT(AND(D2,AND(D1,D2)))) 4.001736 
   (FCallr) : 4 : AND(OR(D2,D1),NOT(AND(D2,AND(D1,D2)))) 4.001736 
(FCcluster) : 4 : AND(OR(D2,D1),NOT(AND(D2,AND(D1,D2)))) 4.001736 
====================================================================== 
XOR workers: 8 popsize: 64000 generations: 2 crossrate: 0.3 mutrate: 0.1 
====================================================================== 
           tMain (s) tMain/(S) tNext (s) tNext/(S) tEval (s) tEval/(S)
(S)         505.1947 1.0000000  79.05926 1.0000000  402.5265 1.0000000
(FS)        643.5835 1.2739317  81.05993 1.0253060  541.0014 1.3440145
(FMC)       259.8581 0.5143721  78.63292 0.9946074  160.1542 0.3978726
(FMS)       363.1735 0.7188783  78.74624 0.9960407  263.2709 0.6540462
(FCallr)    367.1084 0.7266673  81.29789 1.0283159  265.4060 0.6593506
(FCluster)  373.3556 0.7390331  82.42712 1.0425992  267.9675 0.6657140
====================================================================== 

[1] TRUE TRUE TRUE TRUE TRUE TRUE TRUE TRUE
XOR Sequential (S)
...
XOR FutureSequential (FS)
...
XOR FutureMultiCore (FMC)
...
XOR FutureMultiSession (FMS)
...
XOR FutureCallr (FCallr)
...
XOR FutureCluster (FCluster)
...
        (S) : 4 : OR(AND(NOT(D2),NOT(NOT(NOT(NOT(D1))))),AND(D2,NOT(NOT(NOT(D1))))) 4.000625 
       (FS) : 4 : OR(AND(NOT(D2),NOT(NOT(NOT(NOT(D1))))),AND(D2,NOT(NOT(NOT(D1))))) 4.000625 
      (FMC) : 4 : OR(AND(NOT(D2),NOT(NOT(NOT(NOT(D1))))),AND(D2,NOT(NOT(NOT(D1))))) 4.000625 
      (FMS) : 4 : OR(AND(NOT(D2),NOT(NOT(NOT(NOT(D1))))),AND(D2,NOT(NOT(NOT(D1))))) 4.000625 
   (FCallr) : 4 : OR(AND(NOT(D2),NOT(NOT(NOT(NOT(D1))))),AND(D2,NOT(NOT(NOT(D1))))) 4.000625 
(FCcluster) : 4 : OR(AND(NOT(D2),NOT(NOT(NOT(NOT(D1))))),AND(D2,NOT(NOT(NOT(D1))))) 4.000625 
====================================================================== 
XOR workers: 16 popsize: 6400 generations: 2 crossrate: 0.3 mutrate: 0.1 
====================================================================== 
           tMain (s) tMain/(S) tNext (s) tNext/(S) tEval (s) tEval/(S)
(S)         41.82309 1.0000000  4.329115  1.000000  35.61423 1.0000000
(FS)        56.62513 1.3539204  4.572467  1.056213  50.10193 1.4067952
(FMC)       33.82084 0.8086643  5.164482  1.192965  26.61625 0.7473487
(FMS)       42.83848 1.0242782  4.689487  1.083244  36.16380 1.0154311
(FCallr)    42.25354 1.0102923  5.334726  1.232290  34.86924 0.9790816
(FCluster)  48.64639 1.1631467  5.032726  1.162530  41.55588 1.1668335
====================================================================== 

 [1] TRUE TRUE TRUE TRUE TRUE TRUE TRUE TRUE TRUE TRUE TRUE TRUE TRUE TRUE TRUE
[16] TRUE
Error while shutting down parallel: unable to terminate some child processes
