FutureApply Benchmark Examples (Notebook).
XOR Sequential (S)
...
XOR FutureSequential (FS)
...
XOR FutureMultiCore (FMC)
...
XOR FutureMultiSession (FMS)
...
XOR FutureCallr (FCallr)
...
XOR FutureCluster (FCluster)
...
        (S) : 3 : OR(D1,D2) 3.027778 
       (FS) : 3 : AND(NOT(D1),D2) 3.012346 
      (FMC) : 3 : AND(NOT(D1),D2) 3.012346 
      (FMS) : 3 : AND(NOT(D1),D2) 3.012346 
   (FCallr) : 3 : AND(NOT(D1),D2) 3.012346 
(FCcluster) : 3 : AND(NOT(D1),D2) 3.012346 
====================================================================== 
XOR workers: 4 popsize: 64 generations: 2 crossrate: 0.3 mutrate: 0.1 
====================================================================== 
           tMain (s) tMain/(S)  tNext (s) tNext/(S) tEval (s) tEval/(S)
(S)        0.4197514 1.0000000 0.04479957 1.0000000 0.3533463 1.0000000
(FS)       0.2973368 0.7083641 0.03099132 0.6917771 0.2454422 0.6946220
(FMC)      0.3806405 0.9068237 0.03632092 0.8107428 0.3225067 0.9127211
(FMS)      2.2698991 5.4077225 0.02525640 0.5637643 2.2240331 6.2942015
(FCallr)   1.7695003 4.2155910 0.03303552 0.7374071 1.7165325 4.8579318
(FCluster) 2.3479688 5.5937128 0.02654767 0.5925877 2.2992439 6.5070545
====================================================================== 

[1] TRUE TRUE TRUE TRUE
XOR Sequential (S)
...
XOR FutureSequential (FS)
...
XOR FutureMultiCore (FMC)
...
XOR FutureMultiSession (FMS)
...
XOR FutureCallr (FCallr)
...
XOR FutureCluster (FCluster)
...
        (S) : 4 : NOT(NOT(AND(OR(D2,D1),NOT(AND(NOT(NOT(AND(D1,D1))),AND(D1,OR(D2,AND(D2,D2)))))))) 4.000384 
       (FS) : 4 : NOT(NOT(AND(OR(D2,D1),NOT(AND(D2,AND(D1,OR(D2,AND(D2,D2)))))))) 4.000625 
      (FMC) : 4 : NOT(NOT(AND(OR(D2,D1),NOT(AND(D2,AND(D1,OR(D2,AND(D2,D2)))))))) 4.000625 
      (FMS) : 4 : NOT(NOT(AND(OR(D2,D1),NOT(AND(D2,AND(D1,OR(D2,AND(D2,D2)))))))) 4.000625 
   (FCallr) : 4 : NOT(NOT(AND(OR(D2,D1),NOT(AND(D2,AND(D1,OR(D2,AND(D2,D2)))))))) 4.000625 
(FCcluster) : 4 : NOT(NOT(AND(OR(D2,D1),NOT(AND(D2,AND(D1,OR(D2,AND(D2,D2)))))))) 4.000625 
====================================================================== 
XOR workers: 4 popsize: 640 generations: 2 crossrate: 0.3 mutrate: 0.1 
====================================================================== 
           tMain (s) tMain/(S) tNext (s) tNext/(S) tEval (s) tEval/(S)
(S)         4.024441 1.0000000 0.4024618  1.000000  3.439852 1.0000000
(FS)        4.637024 1.1522158 0.4441106  1.103485  4.010313 1.1658388
(FMC)       2.609806 0.6484892 0.4973869  1.235861  1.928041 0.5605013
(FMS)       5.562431 1.3821626 0.4235115  1.052302  4.957077 1.4410728
(FCallr)    5.496111 1.3656832 0.4503291  1.118936  4.862881 1.4136890
(FCluster)  5.932442 1.4741035 0.4332767  1.076566  5.305797 1.5424493
====================================================================== 

[1] TRUE TRUE TRUE TRUE
XOR Sequential (S)
...
XOR FutureSequential (FS)
...
XOR FutureMultiCore (FMC)
...
XOR FutureMultiSession (FMS)
...
XOR FutureCallr (FCallr)
...
XOR FutureCluster (FCluster)
...
        (S) : 4 : OR(AND(NOT(D2),NOT(NOT(NOT(NOT(D1))))),AND(D2,NOT(NOT(NOT(D1))))) 4.000625 
       (FS) : 4 : OR(AND(NOT(D2),NOT(NOT(NOT(NOT(D1))))),AND(D2,NOT(NOT(NOT(D1))))) 4.000625 
      (FMC) : 4 : OR(AND(NOT(D2),NOT(NOT(NOT(NOT(D1))))),AND(D2,NOT(NOT(NOT(D1))))) 4.000625 
      (FMS) : 4 : OR(AND(NOT(D2),NOT(NOT(NOT(NOT(D1))))),AND(D2,NOT(NOT(NOT(D1))))) 4.000625 
   (FCallr) : 4 : OR(AND(NOT(D2),NOT(NOT(NOT(NOT(D1))))),AND(D2,NOT(NOT(NOT(D1))))) 4.000625 
(FCcluster) : 4 : OR(AND(NOT(D2),NOT(NOT(NOT(NOT(D1))))),AND(D2,NOT(NOT(NOT(D1))))) 4.000625 
====================================================================== 
XOR workers: 4 popsize: 6400 generations: 2 crossrate: 0.3 mutrate: 0.1 
====================================================================== 
           tMain (s) tMain/(S) tNext (s) tNext/(S) tEval (s) tEval/(S)
(S)         46.79402 1.0000000  4.934195 1.0000000  39.71973 1.0000000
(FS)        59.81597 1.2782823  4.481597 0.9082731  53.17336 1.3387140
(FMC)       23.76314 0.5078242  5.066142 1.0267413  16.59591 0.4178253
(FMS)       37.77939 0.8073551  4.532601 0.9186099  31.17708 0.7849269
(FCallr)    38.55229 0.8238723  4.622941 0.9369189  31.85758 0.8020593
(FCluster)  38.46556 0.8220189  5.039690 1.0213804  31.35113 0.7893088
====================================================================== 

[1] TRUE TRUE TRUE TRUE
XOR Sequential (S)
...
XOR FutureSequential (FS)
...
XOR FutureMultiCore (FMC)
...
XOR FutureMultiSession (FMS)
...
XOR FutureCallr (FCallr)
...
XOR FutureCluster (FCluster)
...
        (S) : 3 : OR(D1,D2) 3.027778 
       (FS) : 3 : AND(NOT(D1),D2) 3.012346 
      (FMC) : 3 : AND(NOT(D1),D2) 3.012346 
      (FMS) : 3 : AND(NOT(D1),D2) 3.012346 
   (FCallr) : 3 : AND(NOT(D1),D2) 3.012346 
(FCcluster) : 3 : AND(NOT(D1),D2) 3.012346 
====================================================================== 
XOR workers: 8 popsize: 64 generations: 2 crossrate: 0.3 mutrate: 0.1 
====================================================================== 
           tMain (s)  tMain/(S)  tNext (s) tNext/(S) tEval (s)  tEval/(S)
(S)        0.3337142  1.0000000 0.04261351 1.0000000 0.2705691  1.0000000
(FS)       0.2833622  0.8491161 0.02614427 0.6135207 0.2363410  0.8734959
(FMC)      0.5346506  1.6021209 0.03530145 0.8284098 0.4769282  1.7626856
(FMS)      4.2722530 12.8021296 0.02479267 0.5818031 4.2273946 15.6240857
(FCallr)   2.6410534  7.9141165 0.03258896 0.7647566 2.5875812  9.5634767
(FCluster) 4.9851701 14.9384396 0.02426577 0.5694384 4.9408619 18.2609995
====================================================================== 

[1] TRUE TRUE TRUE TRUE TRUE TRUE TRUE TRUE
XOR Sequential (S)
...
XOR FutureSequential (FS)
...
XOR FutureMultiCore (FMC)
...
XOR FutureMultiSession (FMS)
...
XOR FutureCallr (FCallr)
...
XOR FutureCluster (FCluster)
...
        (S) : 4 : NOT(NOT(AND(OR(D2,D1),NOT(AND(NOT(NOT(AND(D1,D1))),AND(D1,OR(D2,AND(D2,D2)))))))) 4.000384 
       (FS) : 4 : NOT(NOT(AND(OR(D2,D1),NOT(AND(D2,AND(D1,OR(D2,AND(D2,D2)))))))) 4.000625 
      (FMC) : 4 : NOT(NOT(AND(OR(D2,D1),NOT(AND(D2,AND(D1,OR(D2,AND(D2,D2)))))))) 4.000625 
      (FMS) : 4 : NOT(NOT(AND(OR(D2,D1),NOT(AND(D2,AND(D1,OR(D2,AND(D2,D2)))))))) 4.000625 
   (FCallr) : 4 : NOT(NOT(AND(OR(D2,D1),NOT(AND(D2,AND(D1,OR(D2,AND(D2,D2)))))))) 4.000625 
(FCcluster) : 4 : NOT(NOT(AND(OR(D2,D1),NOT(AND(D2,AND(D1,OR(D2,AND(D2,D2)))))))) 4.000625 
====================================================================== 
XOR workers: 8 popsize: 640 generations: 2 crossrate: 0.3 mutrate: 0.1 
====================================================================== 
           tMain (s) tMain/(S) tNext (s) tNext/(S) tEval (s) tEval/(S)
(S)         3.726731 1.0000000 0.3950818  1.000000  3.146491 1.0000000
(FS)        4.588533 1.2312486 0.4390316  1.111242  3.964297 1.2599107
(FMC)       3.239430 0.8692417 0.5014777  1.269301  2.548910 0.8100804
(FMS)       7.730518 2.0743428 0.4434466  1.122417  7.100874 2.2567599
(FCallr)    6.150774 1.6504474 0.4832644  1.223201  5.482880 1.7425379
(FCluster)  8.421521 2.2597607 0.4333758  1.096927  7.803889 2.4801882
====================================================================== 

[1] TRUE TRUE TRUE TRUE TRUE TRUE TRUE TRUE
XOR Sequential (S)
...
XOR FutureSequential (FS)
...
XOR FutureMultiCore (FMC)
...
XOR FutureMultiSession (FMS)
...
XOR FutureCallr (FCallr)
...
XOR FutureCluster (FCluster)
...
        (S) : 4 : OR(AND(NOT(D2),NOT(NOT(NOT(NOT(D1))))),AND(D2,NOT(NOT(NOT(D1))))) 4.000625 
       (FS) : 4 : OR(AND(NOT(D2),NOT(NOT(NOT(NOT(D1))))),AND(D2,NOT(NOT(NOT(D1))))) 4.000625 
      (FMC) : 4 : OR(AND(NOT(D2),NOT(NOT(NOT(NOT(D1))))),AND(D2,NOT(NOT(NOT(D1))))) 4.000625 
      (FMS) : 4 : OR(AND(NOT(D2),NOT(NOT(NOT(NOT(D1))))),AND(D2,NOT(NOT(NOT(D1))))) 4.000625 
   (FCallr) : 4 : OR(AND(NOT(D2),NOT(NOT(NOT(NOT(D1))))),AND(D2,NOT(NOT(NOT(D1))))) 4.000625 
(FCcluster) : 4 : OR(AND(NOT(D2),NOT(NOT(NOT(NOT(D1))))),AND(D2,NOT(NOT(NOT(D1))))) 4.000625 
====================================================================== 
XOR workers: 8 popsize: 6400 generations: 2 crossrate: 0.3 mutrate: 0.1 
====================================================================== 
           tMain (s) tMain/(S) tNext (s) tNext/(S) tEval (s) tEval/(S)
(S)         45.27293 1.0000000  4.979290 1.0000000  38.15076 1.0000000
(FS)        60.81291 1.3432511  4.623909 0.9286283  54.05174 1.4167934
(FMC)       24.70131 0.5456089  4.926213 0.9893405  17.59809 0.4612775
(FMS)       38.51098 0.8506403  5.251108 1.0545897  31.20004 0.8178091
(FCallr)    37.05452 0.8184697  5.128752 1.0300169  29.82420 0.7817460
(FCluster)  38.63307 0.8533370  4.828457 0.9697080  31.65670 0.8297792
====================================================================== 

[1] TRUE TRUE TRUE TRUE TRUE TRUE TRUE TRUE
XOR Sequential (S)
...
XOR FutureSequential (FS)
...
XOR FutureMultiCore (FMC)
...
XOR FutureMultiSession (FMS)
...
XOR FutureCallr (FCallr)
...
XOR FutureCluster (FCluster)
...
        (S) : 4 : AND(OR(D2,D1),NOT(AND(D1,D2))) 4.00277 
       (FS) : 4 : AND(OR(D2,D1),NOT(AND(D2,AND(D1,D2)))) 4.001736 
      (FMC) : 4 : AND(OR(D2,D1),NOT(AND(D2,AND(D1,D2)))) 4.001736 
      (FMS) : 4 : AND(OR(D2,D1),NOT(AND(D2,AND(D1,D2)))) 4.001736 
   (FCallr) : 4 : AND(OR(D2,D1),NOT(AND(D2,AND(D1,D2)))) 4.001736 
(FCcluster) : 4 : AND(OR(D2,D1),NOT(AND(D2,AND(D1,D2)))) 4.001736 
====================================================================== 
XOR workers: 8 popsize: 64000 generations: 2 crossrate: 0.3 mutrate: 0.1 
====================================================================== 
           tMain (s) tMain/(S) tNext (s) tNext/(S) tEval (s) tEval/(S)
(S)         502.7908 1.0000000  79.87114 1.0000000  398.3022 1.0000000
(FS)        654.8521 1.3024346  80.32575 1.0056919  551.9839 1.3858418
(FMC)       262.5521 0.5221896  79.22914 0.9919620  161.4737 0.4054050
(FMS)       365.3210 0.7265865  78.54883 0.9834445  265.2623 0.6659826
(FCallr)    367.2495 0.7304222  82.66760 1.0350122  263.3175 0.6610997
(FCluster)  372.4521 0.7407695  83.12037 1.0406809  266.1389 0.6681834
====================================================================== 

[1] TRUE TRUE TRUE TRUE TRUE TRUE TRUE TRUE
XOR Sequential (S)
...
XOR FutureSequential (FS)
...
XOR FutureMultiCore (FMC)
...
XOR FutureMultiSession (FMS)
...
XOR FutureCallr (FCallr)
...
XOR FutureCluster (FCluster)
...
        (S) : 4 : OR(AND(NOT(D2),NOT(NOT(NOT(NOT(D1))))),AND(D2,NOT(NOT(NOT(D1))))) 4.000625 
       (FS) : 4 : OR(AND(NOT(D2),NOT(NOT(NOT(NOT(D1))))),AND(D2,NOT(NOT(NOT(D1))))) 4.000625 
      (FMC) : 4 : OR(AND(NOT(D2),NOT(NOT(NOT(NOT(D1))))),AND(D2,NOT(NOT(NOT(D1))))) 4.000625 
      (FMS) : 4 : OR(AND(NOT(D2),NOT(NOT(NOT(NOT(D1))))),AND(D2,NOT(NOT(NOT(D1))))) 4.000625 
   (FCallr) : 4 : OR(AND(NOT(D2),NOT(NOT(NOT(NOT(D1))))),AND(D2,NOT(NOT(NOT(D1))))) 4.000625 
(FCcluster) : 4 : OR(AND(NOT(D2),NOT(NOT(NOT(NOT(D1))))),AND(D2,NOT(NOT(NOT(D1))))) 4.000625 
====================================================================== 
XOR workers: 16 popsize: 6400 generations: 2 crossrate: 0.3 mutrate: 0.1 
====================================================================== 
           tMain (s) tMain/(S) tNext (s) tNext/(S) tEval (s) tEval/(S)
(S)         42.21845 1.0000000  4.357233  1.000000  35.90820 1.0000000
(FS)        58.42305 1.3838277  4.721975  1.083710  51.65353 1.4384884
(FMC)       33.22880 0.7870684  4.938785  1.133468  26.35915 0.7340707
(FMS)       43.75699 1.0364424  4.537102  1.041281  37.23631 1.0369863
(FCallr)    42.84564 1.0148559  5.025127  1.153284  35.76064 0.9958908
(FCluster)  49.14341 1.1640269  4.913882  1.127753  42.07792 1.1718193
====================================================================== 

 [1] TRUE TRUE TRUE TRUE TRUE TRUE TRUE TRUE TRUE TRUE TRUE TRUE TRUE TRUE TRUE
[16] TRUE
